2025-05-07 14:45:44,295 INFO: e-Cobranca startup [in F:\HD 1tb\Dados\Projetos\Desnvolvimento com IA\e-cobrancas\app\__init__.py:82]
2025-05-07 14:45:45,110 INFO: e-Cobranca startup [in F:\HD 1tb\Dados\Projetos\Desnvolvimento com IA\e-cobrancas\app\__init__.py:82]
2025-05-07 14:50:01,436 INFO: e-Cobranca startup [in F:\HD 1tb\Dados\Projetos\Desnvolvimento com IA\e-cobrancas\app\__init__.py:82]
2025-05-07 14:50:57,219 INFO: e-Cobranca startup [in F:\HD 1tb\Dados\Projetos\Desnvolvimento com IA\e-cobrancas\app\__init__.py:82]
2025-05-07 14:51:38,226 INFO: e-Cobranca startup [in F:\HD 1tb\Dados\Projetos\Desnvolvimento com IA\e-cobrancas\app\__init__.py:82]
2025-05-07 14:51:38,731 INFO: e-Cobranca startup [in F:\HD 1tb\Dados\Projetos\Desnvolvimento com IA\e-cobrancas\app\__init__.py:82]
2025-05-07 14:57:19,499 INFO: e-Cobranca startup [in F:\HD 1tb\Dados\Projetos\Desnvolvimento com IA\e-cobrancas\app\__init__.py:82]
2025-05-07 15:00:13,525 INFO: e-Cobranca startup [in F:\HD 1tb\Dados\Projetos\Desnvolvimento com IA\e-cobrancas\app\__init__.py:82]
2025-05-07 15:02:53,566 INFO: e-Cobranca startup [in F:\HD 1tb\Dados\Projetos\Desnvolvimento com IA\e-cobrancas\app\__init__.py:82]
2025-05-07 15:08:16,357 INFO: e-Cobranca startup [in F:\HD 1tb\Dados\Projetos\Desnvolvimento com IA\e-cobrancas\app\__init__.py:82]
2025-05-07 15:08:16,847 INFO: e-Cobranca startup [in F:\HD 1tb\Dados\Projetos\Desnvolvimento com IA\e-cobrancas\app\__init__.py:82]
2025-05-07 15:08:27,587 INFO: e-Cobranca startup [in F:\HD 1tb\Dados\Projetos\Desnvolvimento com IA\e-cobrancas\app\__init__.py:82]
2025-05-07 15:15:43,399 INFO: e-Cobranca startup [in F:\HD 1tb\Dados\Projetos\Desnvolvimento com IA\e-cobrancas\app\__init__.py:82]
2025-05-07 15:23:02,242 INFO: e-Cobranca startup [in F:\HD 1tb\Dados\Projetos\Desnvolvimento com IA\e-cobrancas\app\__init__.py:82]
2025-05-07 15:23:02,768 INFO: e-Cobranca startup [in F:\HD 1tb\Dados\Projetos\Desnvolvimento com IA\e-cobrancas\app\__init__.py:82]
2025-05-07 15:29:45,085 INFO: e-Cobranca startup [in F:\HD 1tb\Dados\Projetos\Desnvolvimento com IA\e-cobrancas\app\__init__.py:82]
2025-05-07 15:29:45,612 INFO: e-Cobranca startup [in F:\HD 1tb\Dados\Projetos\Desnvolvimento com IA\e-cobrancas\app\__init__.py:82]
2025-05-07 16:50:01,537 INFO: e-Cobranca startup [in F:\HD 1tb\Dados\Projetos\Desnvolvimento com IA\e-cobrancas\app\__init__.py:81]
2025-05-07 16:50:02,100 INFO: e-Cobranca startup [in F:\HD 1tb\Dados\Projetos\Desnvolvimento com IA\e-cobrancas\app\__init__.py:81]
2025-05-07 17:11:51,063 INFO: e-Cobranca startup [in F:\HD 1tb\Dados\Projetos\Desnvolvimento com IA\e-cobrancas\app\__init__.py:81]
2025-05-07 17:13:51,226 INFO: e-Cobranca startup [in F:\HD 1tb\Dados\Projetos\Desnvolvimento com IA\e-cobrancas\app\__init__.py:81]
2025-05-07 17:15:26,268 INFO: e-Cobranca startup [in F:\HD 1tb\Dados\Projetos\Desnvolvimento com IA\e-cobrancas\app\__init__.py:81]
2025-05-07 17:50:27,841 INFO: e-Cobranca startup [in F:\HD 1tb\Dados\Projetos\Desnvolvimento com IA\e-cobrancas\app\__init__.py:81]
2025-05-07 18:02:12,157 INFO: e-Cobranca startup [in F:\HD 1tb\Dados\Projetos\Desnvolvimento com IA\e-cobrancas\app\__init__.py:81]
2025-05-07 18:10:20,774 INFO: e-Cobranca startup [in F:\HD 1tb\Dados\Projetos\Desnvolvimento com IA\e-cobrancas\app\__init__.py:81]
2025-05-08 09:23:07,504 INFO: e-Cobranca startup [in F:\HD 1tb\Dados\Projetos\Desnvolvimento com IA\e-cobrancas\app\__init__.py:81]
2025-05-08 09:24:45,409 INFO: e-Cobranca startup [in F:\HD 1tb\Dados\Projetos\Desnvolvimento com IA\e-cobrancas\app\__init__.py:81]
2025-05-08 09:25:08,964 INFO: e-Cobranca startup [in F:\HD 1tb\Dados\Projetos\Desnvolvimento com IA\e-cobrancas\app\__init__.py:81]
2025-05-08 09:26:16,415 INFO: e-Cobranca startup [in F:\HD 1tb\Dados\Projetos\Desnvolvimento com IA\e-cobrancas\app\__init__.py:81]
2025-05-08 09:27:07,420 INFO: e-Cobranca startup [in F:\HD 1tb\Dados\Projetos\Desnvolvimento com IA\e-cobrancas\app\__init__.py:81]
2025-05-08 09:28:57,556 INFO: e-Cobranca startup [in F:\HD 1tb\Dados\Projetos\Desnvolvimento com IA\e-cobrancas\app\__init__.py:81]
2025-05-08 09:49:50,530 INFO: e-Cobranca startup [in F:\HD 1tb\Dados\Projetos\Desnvolvimento com IA\e-cobrancas\app\__init__.py:81]
2025-05-08 10:26:43,726 INFO: e-Cobranca startup [in F:\HD 1tb\Dados\Projetos\Desnvolvimento com IA\e-cobrancas\app\__init__.py:81]
2025-05-08 11:05:39,008 INFO: e-Cobranca startup [in F:\HD 1tb\Dados\Projetos\Desnvolvimento com IA\e-cobrancas\app\__init__.py:83]
2025-05-08 11:05:39,767 INFO: e-Cobranca startup [in F:\HD 1tb\Dados\Projetos\Desnvolvimento com IA\e-cobrancas\app\__init__.py:83]
2025-05-08 11:48:34,088 INFO: e-Cobranca startup [in F:\HD 1tb\Dados\Projetos\Desnvolvimento com IA\e-cobrancas\app\__init__.py:83]
2025-05-08 11:48:34,815 INFO: e-Cobranca startup [in F:\HD 1tb\Dados\Projetos\Desnvolvimento com IA\e-cobrancas\app\__init__.py:83]
2025-05-08 17:23:31,863 INFO: e-Cobranca startup [in F:\HD 1tb\Dados\Projetos\Desnvolvimento com IA\e-cobrancas\app\__init__.py:83]
2025-05-08 17:23:32,635 INFO: e-Cobranca startup [in F:\HD 1tb\Dados\Projetos\Desnvolvimento com IA\e-cobrancas\app\__init__.py:83]
2025-05-08 17:54:39,740 INFO: e-Cobranca startup [in F:\HD 1tb\Dados\Projetos\Desnvolvimento com IA\e-cobrancas\app\__init__.py:83]
2025-05-08 17:55:21,114 INFO: e-Cobranca startup [in F:\HD 1tb\Dados\Projetos\Desnvolvimento com IA\e-cobrancas\app\__init__.py:83]
2025-05-09 11:11:38,271 INFO: e-Cobranca startup [in F:\HD 1tb\Dados\Projetos\Desnvolvimento com IA\e-cobrancas\app\__init__.py:83]
2025-05-09 11:11:39,142 INFO: e-Cobranca startup [in F:\HD 1tb\Dados\Projetos\Desnvolvimento com IA\e-cobrancas\app\__init__.py:83]
2025-05-10 08:51:25,067 INFO: e-Cobranca startup [in F:\HD 1tb\Dados\Projetos\Desnvolvimento com IA\e-cobrancas\app\__init__.py:83]
2025-05-10 08:55:51,576 INFO: e-Cobranca startup [in F:\HD 1tb\Dados\Projetos\Desnvolvimento com IA\e-cobrancas\app\__init__.py:83]
2025-05-10 08:55:52,815 INFO: e-Cobranca startup [in F:\HD 1tb\Dados\Projetos\Desnvolvimento com IA\e-cobrancas\app\__init__.py:83]
2025-05-10 09:31:59,091 INFO: e-Cobranca startup [in F:\HD 1tb\Dados\Projetos\Desnvolvimento com IA\e-cobrancas\app\__init__.py:83]
2025-05-10 09:31:59,824 INFO: e-Cobranca startup [in F:\HD 1tb\Dados\Projetos\Desnvolvimento com IA\e-cobrancas\app\__init__.py:83]
2025-05-10 10:11:52,936 INFO: e-Cobranca startup [in F:\HD 1tb\Dados\Projetos\Desnvolvimento com IA\e-cobrancas\app\__init__.py:83]
2025-05-10 10:14:09,746 INFO: e-Cobranca startup [in F:\HD 1tb\Dados\Projetos\Desnvolvimento com IA\e-cobrancas\app\__init__.py:83]
2025-05-10 10:18:40,434 INFO: e-Cobranca startup [in F:\HD 1tb\Dados\Projetos\Desnvolvimento com IA\e-cobrancas\app\__init__.py:83]
2025-05-10 10:20:45,449 INFO: e-Cobranca startup [in F:\HD 1tb\Dados\Projetos\Desnvolvimento com IA\e-cobrancas\app\__init__.py:83]
2025-05-10 10:26:23,916 INFO: e-Cobranca startup [in F:\HD 1tb\Dados\Projetos\Desnvolvimento com IA\e-cobrancas\app\__init__.py:83]
2025-05-12 09:09:17,557 INFO: e-Cobranca startup [in F:\HD 1tb\Dados\Projetos\Desnvolvimento com IA\e-cobrancas\app\__init__.py:83]
2025-05-12 09:13:58,973 INFO: e-Cobranca startup [in F:\HD 1tb\Dados\Projetos\Desnvolvimento com IA\e-cobrancas\app\__init__.py:83]
2025-05-12 09:16:11,171 INFO: e-Cobranca startup [in F:\HD 1tb\Dados\Projetos\Desnvolvimento com IA\e-cobrancas\app\__init__.py:83]
2025-05-12 09:21:06,999 INFO: e-Cobranca startup [in F:\HD 1tb\Dados\Projetos\Desnvolvimento com IA\e-cobrancas\app\__init__.py:83]
2025-05-12 09:31:22,210 INFO: e-Cobranca startup [in F:\HD 1tb\Dados\Projetos\Desnvolvimento com IA\e-cobrancas\app\__init__.py:83]
2025-05-12 09:36:03,699 INFO: e-Cobranca startup [in F:\HD 1tb\Dados\Projetos\Desnvolvimento com IA\e-cobrancas\app\__init__.py:83]
2025-05-12 09:37:31,174 INFO: e-Cobranca startup [in F:\HD 1tb\Dados\Projetos\Desnvolvimento com IA\e-cobrancas\app\__init__.py:83]
2025-05-12 11:41:20,018 INFO: e-Cobranca startup [in F:\HD 1tb\Dados\Projetos\Desnvolvimento com IA\e-cobrancas\app\__init__.py:83]
2025-05-12 11:41:21,079 INFO: e-Cobranca startup [in F:\HD 1tb\Dados\Projetos\Desnvolvimento com IA\e-cobrancas\app\__init__.py:83]
2025-05-12 17:59:47,186 INFO: e-Cobranca startup [in F:\HD 1tb\Dados\Projetos\Desnvolvimento com IA\e-cobrancas\app\__init__.py:83]
2025-05-12 18:00:54,157 INFO: e-Cobranca startup [in F:\HD 1tb\Dados\Projetos\Desnvolvimento com IA\e-cobrancas\app\__init__.py:83]
2025-05-12 18:00:54,916 INFO: e-Cobranca startup [in F:\HD 1tb\Dados\Projetos\Desnvolvimento com IA\e-cobrancas\app\__init__.py:83]
2025-05-13 11:19:00,138 INFO: e-Cobranca startup [in F:\HD 1tb\Dados\Projetos\Desnvolvimento com IA\e-cobrancas\app\__init__.py:83]
2025-05-13 11:19:00,906 INFO: e-Cobranca startup [in F:\HD 1tb\Dados\Projetos\Desnvolvimento com IA\e-cobrancas\app\__init__.py:83]
2025-05-17 09:13:39,209 INFO: e-Cobranca startup [in F:\HD 1tb\Dados\Projetos\Desnvolvimento com IA\e-cobrancas\app\__init__.py:83]
2025-05-17 09:13:40,436 INFO: e-Cobranca startup [in F:\HD 1tb\Dados\Projetos\Desnvolvimento com IA\e-cobrancas\app\__init__.py:83]
2025-05-17 09:58:48,973 INFO: e-Cobranca startup [in F:\HD 1tb\Dados\Projetos\Desnvolvimento com IA\e-cobrancas\app\__init__.py:83]
2025-05-17 10:09:33,467 INFO: e-Cobranca startup [in F:\HD 1tb\Dados\Projetos\Desnvolvimento com IA\e-cobrancas\app\__init__.py:83]
2025-05-19 17:47:04,328 INFO: e-Cobranca startup [in F:\HD 1tb\Dados\Projetos\Desnvolvimento com IA\e-cobrancas\app\__init__.py:83]
2025-05-19 17:47:06,040 INFO: e-Cobranca startup [in F:\HD 1tb\Dados\Projetos\Desnvolvimento com IA\e-cobrancas\app\__init__.py:83]
2025-05-19 17:48:26,678 INFO: THREAD: Iniciando tentativa de envio de WhatsApp para +5591991882708... [in F:\HD 1tb\Dados\Projetos\Desnvolvimento com IA\e-cobrancas\app\main\routes.py:790]
2025-05-19 17:48:26,679 INFO: THREAD: Iniciando tentativa de envio de WhatsApp para +5598989198068... [in F:\HD 1tb\Dados\Projetos\Desnvolvimento com IA\e-cobrancas\app\main\routes.py:790]
2025-05-20 11:53:52,700 INFO: e-Cobranca startup [in F:\HD 1tb\Dados\Projetos\Desnvolvimento com IA\e-cobrancas\app\__init__.py:83]
2025-05-20 11:57:54,437 INFO: e-Cobranca startup [in F:\HD 1tb\Dados\Projetos\Desnvolvimento com IA\e-cobrancas\app\__init__.py:84]
2025-05-20 11:57:59,940 INFO: e-Cobranca startup [in F:\HD 1tb\Dados\Projetos\Desnvolvimento com IA\e-cobrancas\app\__init__.py:84]
2025-05-20 11:58:01,591 INFO: e-Cobranca startup [in F:\HD 1tb\Dados\Projetos\Desnvolvimento com IA\e-cobrancas\app\__init__.py:84]
2025-05-20 12:03:46,494 INFO: e-Cobranca startup [in F:\HD 1tb\Dados\Projetos\Desnvolvimento com IA\e-cobrancas\app\__init__.py:84]
2025-05-20 12:04:00,379 INFO: THREAD: Iniciando tentativa de envio de WhatsApp para +5598989198068... [in F:\HD 1tb\Dados\Projetos\Desnvolvimento com IA\e-cobrancas\app\main\routes.py:790]
2025-05-20 12:04:34,287 INFO: THREAD: Tentativa de envio de WhatsApp para +5598989198068 (supostamente) concluída. [in F:\HD 1tb\Dados\Projetos\Desnvolvimento com IA\e-cobrancas\app\main\routes.py:799]
2025-05-26 15:44:17,708 INFO: e-Cobranca startup [in F:\HD 1tb\Dados\Projetos\Desnvolvimento com IA\e-cobrancas\app\__init__.py:84]
2025-05-26 15:44:19,592 INFO: e-Cobranca startup [in F:\HD 1tb\Dados\Projetos\Desnvolvimento com IA\e-cobrancas\app\__init__.py:84]
2025-05-26 15:57:58,867 INFO: e-Cobranca startup [in F:\HD 1tb\Dados\Projetos\Desnvolvimento com IA\e-cobrancas\app\__init__.py:84]
2025-05-26 15:57:59,750 INFO: e-Cobranca startup [in F:\HD 1tb\Dados\Projetos\Desnvolvimento com IA\e-cobrancas\app\__init__.py:84]
2025-05-26 16:37:11,871 INFO: Tentando enviar WhatsApp via Evolution API para 5599991266682... [in F:\HD 1tb\Dados\Projetos\Desnvolvimento com IA\e-cobrancas\app\main\routes.py:48]
2025-05-26 16:37:11,899 ERROR: HTTP error ao enviar via Evolution API para 5599991266682: 404 Client Error: Not Found for url: http://localhost:8081/ - Resposta: N/A [in F:\HD 1tb\Dados\Projetos\Desnvolvimento com IA\e-cobrancas\app\main\routes.py:59]
2025-05-26 16:40:06,323 INFO: Tentando enviar WhatsApp via Evolution API para 5599991266682... [in F:\HD 1tb\Dados\Projetos\Desnvolvimento com IA\e-cobrancas\app\main\routes.py:48]
2025-05-26 16:40:06,693 ERROR: HTTP error ao enviar via Evolution API para 5599991266682: 404 Client Error: Not Found for url: http://localhost:8081/ - Resposta: N/A [in F:\HD 1tb\Dados\Projetos\Desnvolvimento com IA\e-cobrancas\app\main\routes.py:59]
2025-05-26 17:18:05,551 INFO: Tentando enviar WhatsApp via Evolution API para 5599991266682... [in F:\HD 1tb\Dados\Projetos\Desnvolvimento com IA\e-cobrancas\app\main\routes.py:48]
2025-05-26 17:18:05,574 ERROR: HTTP error ao enviar via Evolution API para 5599991266682: 404 Client Error: Not Found for url: http://localhost:8081/ - Resposta: N/A [in F:\HD 1tb\Dados\Projetos\Desnvolvimento com IA\e-cobrancas\app\main\routes.py:59]
2025-05-27 11:06:36,621 INFO: e-Cobranca startup [in F:\HD 1tb\Dados\Projetos\Desnvolvimento com IA\e-cobrancas\app\__init__.py:84]
2025-05-27 11:28:43,660 INFO: e-Cobranca startup [in F:\HD 1tb\Dados\Projetos\Desnvolvimento com IA\e-cobrancas\app\__init__.py:84]
2025-05-27 11:28:44,634 INFO: e-Cobranca startup [in F:\HD 1tb\Dados\Projetos\Desnvolvimento com IA\e-cobrancas\app\__init__.py:84]
2025-05-27 14:12:41,876 INFO: e-Cobranca startup [in F:\HD 1tb\Dados\Projetos\Desnvolvimento com IA\e-cobrancas\app\__init__.py:84]
2025-05-27 14:13:47,653 WARNING: Valor inválido para cliente_id no filtro: __None [in F:\HD 1tb\Dados\Projetos\Desnvolvimento com IA\e-cobrancas\app\main\routes.py:144]
2025-05-27 14:13:47,655 WARNING: Valor inválido para cidade_id no filtro: __None [in F:\HD 1tb\Dados\Projetos\Desnvolvimento com IA\e-cobrancas\app\main\routes.py:152]
2025-05-27 14:14:17,368 WARNING: Valor inválido para cliente_id no filtro: __None [in F:\HD 1tb\Dados\Projetos\Desnvolvimento com IA\e-cobrancas\app\main\routes.py:144]
2025-05-27 14:14:17,369 WARNING: Valor inválido para cidade_id no filtro: __None [in F:\HD 1tb\Dados\Projetos\Desnvolvimento com IA\e-cobrancas\app\main\routes.py:152]
2025-05-27 14:14:17,384 INFO: Tentando enviar WhatsApp (Evolution API) para 5598989198068 na URL: http://localhost:8081/message/sendText/GCobranca usando autenticação: API Key (Header: apikey) [in F:\HD 1tb\Dados\Projetos\Desnvolvimento com IA\e-cobrancas\app\main\routes.py:66]
2025-05-27 14:14:17,422 WARNING: Valor inválido para cliente_id no filtro: __None [in F:\HD 1tb\Dados\Projetos\Desnvolvimento com IA\e-cobrancas\app\main\routes.py:144]
2025-05-27 14:14:17,424 INFO: Evolution API response status: 400 [in F:\HD 1tb\Dados\Projetos\Desnvolvimento com IA\e-cobrancas\app\main\routes.py:72]
2025-05-27 14:14:17,425 WARNING: Valor inválido para cidade_id no filtro: __None [in F:\HD 1tb\Dados\Projetos\Desnvolvimento com IA\e-cobrancas\app\main\routes.py:152]
2025-05-27 14:14:17,426 INFO: Evolution API response text: {"status":400,"error":"Bad Request","response":{"message":[["instance requires property \"text\""]]}} [in F:\HD 1tb\Dados\Projetos\Desnvolvimento com IA\e-cobrancas\app\main\routes.py:73]
2025-05-27 14:14:17,432 INFO: Evolution API response JSON para 5598989198068: {'status': 400, 'error': 'Bad Request', 'response': {'message': [['instance requires property "text"']]}} [in F:\HD 1tb\Dados\Projetos\Desnvolvimento com IA\e-cobrancas\app\main\routes.py:81]
2025-05-27 14:14:17,432 ERROR: Erro da Evolution API ao enviar para 5598989198068 (Status: 400): Bad Request [in F:\HD 1tb\Dados\Projetos\Desnvolvimento com IA\e-cobrancas\app\main\routes.py:90]
2025-05-27 14:14:17,434 ERROR: THREAD: Falha ao enviar mensagem para 5598989198068 via Evolution API. Detalhes: {'status': 400, 'error': 'Bad Request', 'response': {'message': [['instance requires property "text"']]}} [in F:\HD 1tb\Dados\Projetos\Desnvolvimento com IA\e-cobrancas\app\main\routes.py:118]
2025-05-27 14:28:33,750 INFO: e-Cobranca startup [in F:\HD 1tb\Dados\Projetos\Desnvolvimento com IA\e-cobrancas\app\__init__.py:84]
2025-05-27 14:29:57,519 INFO: e-Cobranca startup [in F:\HD 1tb\Dados\Projetos\Desnvolvimento com IA\e-cobrancas\app\__init__.py:84]
2025-05-27 14:32:18,088 INFO: Tentando enviar WhatsApp (Evolution API) para 5598989198068 na URL: http://localhost:8081/message/sendText/GCobranca usando autenticação: API Key (Header: apikey) [in F:\HD 1tb\Dados\Projetos\Desnvolvimento com IA\e-cobrancas\app\main\routes.py:68]
2025-05-27 14:32:19,903 INFO: Evolution API response status: 400 [in F:\HD 1tb\Dados\Projetos\Desnvolvimento com IA\e-cobrancas\app\main\routes.py:74]
2025-05-27 14:32:19,904 INFO: Evolution API response text: {"status":400,"error":"Bad Request","response":{"message":[["instance requires property \"text\""]]}} [in F:\HD 1tb\Dados\Projetos\Desnvolvimento com IA\e-cobrancas\app\main\routes.py:75]
2025-05-27 14:32:19,905 INFO: Evolution API response JSON para 5598989198068: {'status': 400, 'error': 'Bad Request', 'response': {'message': [['instance requires property "text"']]}} [in F:\HD 1tb\Dados\Projetos\Desnvolvimento com IA\e-cobrancas\app\main\routes.py:83]
2025-05-27 14:32:19,905 ERROR: Erro da Evolution API ao enviar para 5598989198068 (Status: 400): Bad Request [in F:\HD 1tb\Dados\Projetos\Desnvolvimento com IA\e-cobrancas\app\main\routes.py:92]
2025-05-27 14:32:19,906 ERROR: THREAD: Falha ao enviar mensagem para 5598989198068 via Evolution API. Detalhes: {'status': 400, 'error': 'Bad Request', 'response': {'message': [['instance requires property "text"']]}} [in F:\HD 1tb\Dados\Projetos\Desnvolvimento com IA\e-cobrancas\app\main\routes.py:120]
2025-05-27 14:35:23,186 INFO: e-Cobranca startup [in F:\HD 1tb\Dados\Projetos\Desnvolvimento com IA\e-cobrancas\app\__init__.py:84]
2025-05-27 14:35:53,171 INFO: Tentando enviar WhatsApp (Evolution API) para 5598989198068 na URL: http://localhost:8081/message/sendText/GCobranca usando autenticação: API Key (Header: apikey) [in F:\HD 1tb\Dados\Projetos\Desnvolvimento com IA\e-cobrancas\app\main\routes.py:66]
2025-05-27 14:35:54,580 INFO: Evolution API response status: 201 [in F:\HD 1tb\Dados\Projetos\Desnvolvimento com IA\e-cobrancas\app\main\routes.py:72]
2025-05-27 14:35:54,580 INFO: Evolution API response text: {"key":{"remoteJid":"559889198068@s.whatsapp.net","fromMe":true,"id":"3EB0ECC6E28F8394A5DC9A2ECC44FA09355109AF"},"pushName":"","message":{"conversation":"Olá Auto Pecas Gomes! Lembrete e-Cobranças:\nConstam as seguintes parcelas em aberto/atraso em seu nome:\n- Parcela nº 560240-1/10, vencida em 20/04/2025, Valor: R$ 100.00\n- Parcela nº 560240-2/10, vencida em 20/05/2025, Valor: R$ 100.00\n\nValor total pendente (desta seleção): R$ 200.00\n\nPara regularizar ou mais detalhes, entre em contato ou acesse nosso portal."},"contextInfo":null,"messageType":"conversation","messageTimestamp":1748367353,"instanceId":"9b6cdfaa-9d7f-46ac-b9a0-deca8c663abe","source":"unknown"} [in F:\HD 1tb\Dados\Projetos\Desnvolvimento com IA\e-cobrancas\app\main\routes.py:73]
2025-05-27 14:35:54,581 INFO: Evolution API response JSON para 5598989198068: {'key': {'remoteJid': '559889198068@s.whatsapp.net', 'fromMe': True, 'id': '3EB0ECC6E28F8394A5DC9A2ECC44FA09355109AF'}, 'pushName': '', 'message': {'conversation': 'Olá Auto Pecas Gomes! Lembrete e-Cobranças:\nConstam as seguintes parcelas em aberto/atraso em seu nome:\n- Parcela nº 560240-1/10, vencida em 20/04/2025, Valor: R$ 100.00\n- Parcela nº 560240-2/10, vencida em 20/05/2025, Valor: R$ 100.00\n\nValor total pendente (desta seleção): R$ 200.00\n\nPara regularizar ou mais detalhes, entre em contato ou acesse nosso portal.'}, 'contextInfo': None, 'messageType': 'conversation', 'messageTimestamp': 1748367353, 'instanceId': '9b6cdfaa-9d7f-46ac-b9a0-deca8c663abe', 'source': 'unknown'} [in F:\HD 1tb\Dados\Projetos\Desnvolvimento com IA\e-cobrancas\app\main\routes.py:81]
2025-05-27 14:35:54,581 INFO: THREAD: Mensagem para 5598989198068 enviada/enfileirada via Evolution API. ID/Detalhe: N/A [in F:\HD 1tb\Dados\Projetos\Desnvolvimento com IA\e-cobrancas\app\main\routes.py:116]
